<?xml version="1.0" encoding="UTF-8"?>
<!-- Generated by org.testng.reporters.JUnitXMLReporter -->
<testsuite hostname="Sayannas-MBP" ignored="25" tests="1" failures="1" timestamp="2020-02-25T01:02:23 PST" time="31.221" errors="0">
  <testcase name="TC_25" time="28.756" classname="SfDC37_TestCases">
    <failure type="org.openqa.selenium.NoSuchElementException" message="no such element: Unable to locate element: {&amp;quot;method&amp;quot;:&amp;quot;xpath&amp;quot;,&amp;quot;selector&amp;quot;:&amp;quot;//input[@name=&amp;apos;new&amp;apos;]&amp;quot;}
  (Session info: chrome=79.0.3945.130)
For documentation on this error, please visit: https://www.seleniumhq.org/exceptions/no_such_element.html
Build info: version: &amp;apos;3.141.59&amp;apos;, revision: &amp;apos;e82be7d358&amp;apos;, time: &amp;apos;2018-11-14T08:17:03&amp;apos;
System info: host: &amp;apos;Sayannas-MBP&amp;apos;, ip: &amp;apos;fe80:0:0:0:48f:532e:114b:1ac3%en0&amp;apos;, os.name: &amp;apos;Mac OS X&amp;apos;, os.arch: &amp;apos;x86_64&amp;apos;, os.version: &amp;apos;10.14.6&amp;apos;, java.version: &amp;apos;1.8.0_241&amp;apos;
Driver info: org.openqa.selenium.chrome.ChromeDriver
Capabilities {acceptInsecureCerts: false, browserName: chrome, browserVersion: 79.0.3945.130, chrome: {chromedriverVersion: 79.0.3945.36 (3582db32b3389..., userDataDir: /var/folders/vv/75gx1wz504x...}, goog:chromeOptions: {debuggerAddress: localhost:50692}, javascriptEnabled: true, networkConnectionEnabled: false, pageLoadStrategy: normal, platform: MAC, platformName: MAC, proxy: Proxy(), setWindowRect: true, strictFileInteractability: false, timeouts: {implicit: 0, pageLoad: 300000, script: 30000}, unhandledPromptBehavior: dismiss and notify}
Session ID: e2ee9be6d651aebbd35cfad28f541407
*** Element info: {Using=xpath, value=//input[@name=&amp;apos;new&amp;apos;]}">
      <![CDATA[org.openqa.selenium.NoSuchElementException: no such element: Unable to locate element: {"method":"xpath","selector":"//input[@name='new']"}
  (Session info: chrome=79.0.3945.130)
For documentation on this error, please visit: https://www.seleniumhq.org/exceptions/no_such_element.html
Build info: version: '3.141.59', revision: 'e82be7d358', time: '2018-11-14T08:17:03'
System info: host: 'Sayannas-MBP', ip: 'fe80:0:0:0:48f:532e:114b:1ac3%en0', os.name: 'Mac OS X', os.arch: 'x86_64', os.version: '10.14.6', java.version: '1.8.0_241'
Driver info: org.openqa.selenium.chrome.ChromeDriver
Capabilities {acceptInsecureCerts: false, browserName: chrome, browserVersion: 79.0.3945.130, chrome: {chromedriverVersion: 79.0.3945.36 (3582db32b3389..., userDataDir: /var/folders/vv/75gx1wz504x...}, goog:chromeOptions: {debuggerAddress: localhost:50692}, javascriptEnabled: true, networkConnectionEnabled: false, pageLoadStrategy: normal, platform: MAC, platformName: MAC, proxy: Proxy(), setWindowRect: true, strictFileInteractability: false, timeouts: {implicit: 0, pageLoad: 300000, script: 30000}, unhandledPromptBehavior: dismiss and notify}
Session ID: e2ee9be6d651aebbd35cfad28f541407
*** Element info: {Using=xpath, value=//input[@name='new']}
at sun.reflect.NativeConstructorAccessorImpl.newInstance0(Native Method)
at sun.reflect.NativeConstructorAccessorImpl.newInstance(NativeConstructorAccessorImpl.java:62)
at sun.reflect.DelegatingConstructorAccessorImpl.newInstance(DelegatingConstructorAccessorImpl.java:45)
at java.lang.reflect.Constructor.newInstance(Constructor.java:423)
at org.openqa.selenium.remote.http.W3CHttpResponseCodec.createException(W3CHttpResponseCodec.java:187)
at org.openqa.selenium.remote.http.W3CHttpResponseCodec.decode(W3CHttpResponseCodec.java:122)
at org.openqa.selenium.remote.http.W3CHttpResponseCodec.decode(W3CHttpResponseCodec.java:49)
at org.openqa.selenium.remote.HttpCommandExecutor.execute(HttpCommandExecutor.java:158)
at org.openqa.selenium.remote.service.DriverCommandExecutor.execute(DriverCommandExecutor.java:83)
at org.openqa.selenium.remote.RemoteWebDriver.execute(RemoteWebDriver.java:552)
at org.openqa.selenium.remote.RemoteWebDriver.findElement(RemoteWebDriver.java:323)
at org.openqa.selenium.remote.RemoteWebDriver.findElementByXPath(RemoteWebDriver.java:428)
at org.openqa.selenium.By$ByXPath.findElement(By.java:353)
at org.openqa.selenium.remote.RemoteWebDriver.findElement(RemoteWebDriver.java:315)
at SfDC37_TestCases.TC_25(SfDC37_TestCases.java:1010)
at sun.reflect.NativeMethodAccessorImpl.invoke0(Native Method)
at sun.reflect.NativeMethodAccessorImpl.invoke(NativeMethodAccessorImpl.java:62)
at sun.reflect.DelegatingMethodAccessorImpl.invoke(DelegatingMethodAccessorImpl.java:43)
at java.lang.reflect.Method.invoke(Method.java:498)
at org.testng.internal.MethodInvocationHelper.invokeMethod(MethodInvocationHelper.java:133)
at org.testng.internal.TestInvoker.invokeMethod(TestInvoker.java:584)
at org.testng.internal.TestInvoker.invokeTestMethod(TestInvoker.java:172)
at org.testng.internal.MethodRunner.runInSequence(MethodRunner.java:46)
at org.testng.internal.TestInvoker$MethodInvocationAgent.invoke(TestInvoker.java:804)
at org.testng.internal.TestInvoker.invokeTestMethods(TestInvoker.java:145)
at org.testng.internal.TestMethodWorker.invokeTestMethods(TestMethodWorker.java:146)
at org.testng.internal.TestMethodWorker.run(TestMethodWorker.java:128)
at java.util.ArrayList.forEach(ArrayList.java:1257)
at org.testng.TestRunner.privateRun(TestRunner.java:770)
at org.testng.TestRunner.run(TestRunner.java:591)
at org.testng.SuiteRunner.runTest(SuiteRunner.java:402)
at org.testng.SuiteRunner.runSequentially(SuiteRunner.java:396)
at org.testng.SuiteRunner.privateRun(SuiteRunner.java:355)
at org.testng.SuiteRunner.run(SuiteRunner.java:304)
at org.testng.SuiteRunnerWorker.runSuite(SuiteRunnerWorker.java:53)
at org.testng.SuiteRunnerWorker.run(SuiteRunnerWorker.java:96)
at org.testng.TestNG.runSuitesSequentially(TestNG.java:1180)
at org.testng.TestNG.runSuitesLocally(TestNG.java:1102)
at org.testng.TestNG.runSuites(TestNG.java:1032)
at org.testng.TestNG.run(TestNG.java:1000)
at org.testng.remote.AbstractRemoteTestNG.run(AbstractRemoteTestNG.java:115)
at org.testng.remote.RemoteTestNG.initAndRun(RemoteTestNG.java:251)
at org.testng.remote.RemoteTestNG.main(RemoteTestNG.java:77)
]]>
    </failure>
  </testcase> <!-- TC_25 -->
  <testcase name="TC_18" time="0.0" classname="SfDC37_TestCases">
    <ignored/>
  </testcase> <!-- TC_18 -->
  <testcase name="TC2_LoginToSalesForce" time="0.0" classname="SfDC37_TestCases">
    <ignored/>
  </testcase> <!-- TC2_LoginToSalesForce -->
  <testcase name="TC_12EditView" time="0.0" classname="SfDC37_TestCases">
    <ignored/>
  </testcase> <!-- TC_12EditView -->
  <testcase name="TC_08" time="0.0" classname="SfDC37_TestCases">
    <ignored/>
  </testcase> <!-- TC_08 -->
  <testcase name="TC_09" time="0.0" classname="SfDC37_TestCases">
    <ignored/>
  </testcase> <!-- TC_09 -->
  <testcase name="TC1_LoginErrorMessage" time="0.0" classname="SfDC37_TestCases">
    <ignored/>
  </testcase> <!-- TC1_LoginErrorMessage -->
  <testcase name="TC_06" time="0.0" classname="SfDC37_TestCases">
    <ignored/>
  </testcase> <!-- TC_06 -->
  <testcase name="TC_05" time="0.0" classname="SfDC37_TestCases">
    <ignored/>
  </testcase> <!-- TC_05 -->
  <testcase name="TC_24" time="0.0" classname="SfDC37_TestCases">
    <ignored/>
  </testcase> <!-- TC_24 -->
  <testcase name="TC_23" time="0.0" classname="SfDC37_TestCases">
    <ignored/>
  </testcase> <!-- TC_23 -->
  <testcase name="TC3_CheckRememberMe" time="0.0" classname="SfDC37_TestCases">
    <ignored/>
  </testcase> <!-- TC3_CheckRememberMe -->
  <testcase name="TC_11CreateNewView" time="0.0" classname="SfDC37_TestCases">
    <ignored/>
  </testcase> <!-- TC_11CreateNewView -->
  <testcase name="TC_22DefaultView" time="0.0" classname="SfDC37_TestCases">
    <ignored/>
  </testcase> <!-- TC_22DefaultView -->
  <testcase name="TC_07" time="0.0" classname="SfDC37_TestCases">
    <ignored/>
  </testcase> <!-- TC_07 -->
  <testcase name="TC_20LeadTab" time="0.0" classname="SfDC37_TestCases">
    <ignored/>
  </testcase> <!-- TC_20LeadTab -->
  <testcase name="TC_10" time="0.0" classname="SfDC37_TestCases">
    <ignored/>
  </testcase> <!-- TC_10 -->
  <testcase name="TC_21LeadsSelectView" time="0.0" classname="SfDC37_TestCases">
    <ignored/>
  </testcase> <!-- TC_21LeadsSelectView -->
  <testcase name="Forgotpassword_4B" time="0.0" classname="SfDC37_TestCases">
    <ignored/>
  </testcase> <!-- Forgotpassword_4B -->
  <testcase name="Forgotpasword_4A" time="0.0" classname="SfDC37_TestCases">
    <ignored/>
  </testcase> <!-- Forgotpasword_4A -->
  <testcase name="TC_19" time="0.0" classname="SfDC37_TestCases">
    <ignored/>
  </testcase> <!-- TC_19 -->
  <testcase name="TC_15" time="0.0" classname="SfDC37_TestCases">
    <ignored/>
  </testcase> <!-- TC_15 -->
  <testcase name="TC_14" time="0.0" classname="SfDC37_TestCases">
    <ignored/>
  </testcase> <!-- TC_14 -->
  <testcase name="TC_17" time="0.0" classname="SfDC37_TestCases">
    <ignored/>
  </testcase> <!-- TC_17 -->
  <testcase name="TC_16" time="0.0" classname="SfDC37_TestCases">
    <ignored/>
  </testcase> <!-- TC_16 -->
  <testcase name="TC_13" time="0.0" classname="SfDC37_TestCases">
    <ignored/>
  </testcase> <!-- TC_13 -->
</testsuite>
